<?xml version="1.0" encoding="UTF-8"?>
<!-- Generated by org.testng.reporters.JUnitReportReporter -->
<testsuite hostname="DESKTOP-QQJINFP" failures="0" tests="1" name="edit.EducacionIT_70854.AccesoABaseDeDatosTest" time="1.599" errors="0" timestamp="2024-01-24T21:05:48 ART" skipped="0">
  <testcase classname="edit.EducacionIT_70854.AccesoABaseDeDatosTest" name="testBaseDeDatos" time="1.599"/>
  <system-out/>
</testsuite> <!-- edit.EducacionIT_70854.AccesoABaseDeDatosTest -->
